<?xml version="1.0" encoding="UTF-8"?>
<testsuite xmlns:xsi="http://www.w3.org/2001/XMLSchema-instance" xsi:noNamespaceSchemaLocation="https://maven.apache.org/surefire/maven-surefire-plugin/xsd/surefire-test-report.xsd" name="com.paymybuddy.service.UserServiceTest" time="0.429" tests="23" errors="0" skipped="0" failures="0">
  <properties>
    <property name="sun.desktop" value="windows"/>
    <property name="awt.toolkit" value="sun.awt.windows.WToolkit"/>
    <property name="java.specification.version" value="11"/>
    <property name="sun.cpu.isalist" value="amd64"/>
    <property name="sun.jnu.encoding" value="Cp1252"/>
    <property name="java.class.path" value="C:\Users\Ludo\Documents\Eclipse\workspace\Pay_My_Buddy\target\test-classes;C:\Users\Ludo\Documents\Eclipse\workspace\Pay_My_Buddy\target\classes;C:\Users\Ludo\.m2\repository\org\springframework\boot\spring-boot-starter-security\2.3.2.RELEASE\spring-boot-starter-security-2.3.2.RELEASE.jar;C:\Users\Ludo\.m2\repository\org\springframework\boot\spring-boot-starter\2.3.2.RELEASE\spring-boot-starter-2.3.2.RELEASE.jar;C:\Users\Ludo\.m2\repository\org\springframework\boot\spring-boot\2.3.2.RELEASE\spring-boot-2.3.2.RELEASE.jar;C:\Users\Ludo\.m2\repository\org\springframework\boot\spring-boot-autoconfigure\2.3.2.RELEASE\spring-boot-autoconfigure-2.3.2.RELEASE.jar;C:\Users\Ludo\.m2\repository\org\springframework\boot\spring-boot-starter-logging\2.3.2.RELEASE\spring-boot-starter-logging-2.3.2.RELEASE.jar;C:\Users\Ludo\.m2\repository\ch\qos\logback\logback-classic\1.2.3\logback-classic-1.2.3.jar;C:\Users\Ludo\.m2\repository\ch\qos\logback\logback-core\1.2.3\logback-core-1.2.3.jar;C:\Users\Ludo\.m2\repository\org\apache\logging\log4j\log4j-to-slf4j\2.13.3\log4j-to-slf4j-2.13.3.jar;C:\Users\Ludo\.m2\repository\org\apache\logging\log4j\log4j-api\2.13.3\log4j-api-2.13.3.jar;C:\Users\Ludo\.m2\repository\org\slf4j\jul-to-slf4j\1.7.30\jul-to-slf4j-1.7.30.jar;C:\Users\Ludo\.m2\repository\jakarta\annotation\jakarta.annotation-api\1.3.5\jakarta.annotation-api-1.3.5.jar;C:\Users\Ludo\.m2\repository\org\yaml\snakeyaml\1.26\snakeyaml-1.26.jar;C:\Users\Ludo\.m2\repository\org\springframework\spring-aop\5.2.8.RELEASE\spring-aop-5.2.8.RELEASE.jar;C:\Users\Ludo\.m2\repository\org\springframework\security\spring-security-config\5.3.3.RELEASE\spring-security-config-5.3.3.RELEASE.jar;C:\Users\Ludo\.m2\repository\org\springframework\spring-context\5.2.8.RELEASE\spring-context-5.2.8.RELEASE.jar;C:\Users\Ludo\.m2\repository\org\springframework\security\spring-security-web\5.3.3.RELEASE\spring-security-web-5.3.3.RELEASE.jar;C:\Users\Ludo\.m2\repository\org\springframework\spring-expression\5.2.8.RELEASE\spring-expression-5.2.8.RELEASE.jar;C:\Users\Ludo\.m2\repository\org\springframework\boot\spring-boot-starter-thymeleaf\2.3.2.RELEASE\spring-boot-starter-thymeleaf-2.3.2.RELEASE.jar;C:\Users\Ludo\.m2\repository\org\thymeleaf\thymeleaf-spring5\3.0.11.RELEASE\thymeleaf-spring5-3.0.11.RELEASE.jar;C:\Users\Ludo\.m2\repository\org\thymeleaf\thymeleaf\3.0.11.RELEASE\thymeleaf-3.0.11.RELEASE.jar;C:\Users\Ludo\.m2\repository\org\attoparser\attoparser\2.0.5.RELEASE\attoparser-2.0.5.RELEASE.jar;C:\Users\Ludo\.m2\repository\org\unbescape\unbescape\1.1.6.RELEASE\unbescape-1.1.6.RELEASE.jar;C:\Users\Ludo\.m2\repository\org\thymeleaf\extras\thymeleaf-extras-java8time\3.0.4.RELEASE\thymeleaf-extras-java8time-3.0.4.RELEASE.jar;C:\Users\Ludo\.m2\repository\org\springframework\boot\spring-boot-starter-web\2.3.2.RELEASE\spring-boot-starter-web-2.3.2.RELEASE.jar;C:\Users\Ludo\.m2\repository\org\springframework\boot\spring-boot-starter-json\2.3.2.RELEASE\spring-boot-starter-json-2.3.2.RELEASE.jar;C:\Users\Ludo\.m2\repository\com\fasterxml\jackson\core\jackson-databind\2.11.1\jackson-databind-2.11.1.jar;C:\Users\Ludo\.m2\repository\com\fasterxml\jackson\core\jackson-annotations\2.11.1\jackson-annotations-2.11.1.jar;C:\Users\Ludo\.m2\repository\com\fasterxml\jackson\core\jackson-core\2.11.1\jackson-core-2.11.1.jar;C:\Users\Ludo\.m2\repository\com\fasterxml\jackson\datatype\jackson-datatype-jdk8\2.11.1\jackson-datatype-jdk8-2.11.1.jar;C:\Users\Ludo\.m2\repository\com\fasterxml\jackson\datatype\jackson-datatype-jsr310\2.11.1\jackson-datatype-jsr310-2.11.1.jar;C:\Users\Ludo\.m2\repository\com\fasterxml\jackson\module\jackson-module-parameter-names\2.11.1\jackson-module-parameter-names-2.11.1.jar;C:\Users\Ludo\.m2\repository\org\springframework\boot\spring-boot-starter-tomcat\2.3.2.RELEASE\spring-boot-starter-tomcat-2.3.2.RELEASE.jar;C:\Users\Ludo\.m2\repository\org\apache\tomcat\embed\tomcat-embed-core\9.0.37\tomcat-embed-core-9.0.37.jar;C:\Users\Ludo\.m2\repository\org\apache\tomcat\embed\tomcat-embed-websocket\9.0.37\tomcat-embed-websocket-9.0.37.jar;C:\Users\Ludo\.m2\repository\org\springframework\spring-web\5.2.8.RELEASE\spring-web-5.2.8.RELEASE.jar;C:\Users\Ludo\.m2\repository\org\springframework\spring-webmvc\5.2.8.RELEASE\spring-webmvc-5.2.8.RELEASE.jar;C:\Users\Ludo\.m2\repository\org\springframework\security\spring-security-test\5.3.3.RELEASE\spring-security-test-5.3.3.RELEASE.jar;C:\Users\Ludo\.m2\repository\org\springframework\security\spring-security-core\5.3.3.RELEASE\spring-security-core-5.3.3.RELEASE.jar;C:\Users\Ludo\.m2\repository\org\springframework\spring-core\5.2.8.RELEASE\spring-core-5.2.8.RELEASE.jar;C:\Users\Ludo\.m2\repository\org\springframework\spring-jcl\5.2.8.RELEASE\spring-jcl-5.2.8.RELEASE.jar;C:\Users\Ludo\.m2\repository\org\springframework\spring-test\5.2.8.RELEASE\spring-test-5.2.8.RELEASE.jar;C:\Users\Ludo\.m2\repository\org\springframework\boot\spring-boot-starter-data-jpa\2.3.2.RELEASE\spring-boot-starter-data-jpa-2.3.2.RELEASE.jar;C:\Users\Ludo\.m2\repository\org\springframework\boot\spring-boot-starter-aop\2.3.2.RELEASE\spring-boot-starter-aop-2.3.2.RELEASE.jar;C:\Users\Ludo\.m2\repository\org\aspectj\aspectjweaver\1.9.6\aspectjweaver-1.9.6.jar;C:\Users\Ludo\.m2\repository\org\springframework\boot\spring-boot-starter-jdbc\2.3.2.RELEASE\spring-boot-starter-jdbc-2.3.2.RELEASE.jar;C:\Users\Ludo\.m2\repository\com\zaxxer\HikariCP\3.4.5\HikariCP-3.4.5.jar;C:\Users\Ludo\.m2\repository\jakarta\transaction\jakarta.transaction-api\1.3.3\jakarta.transaction-api-1.3.3.jar;C:\Users\Ludo\.m2\repository\jakarta\persistence\jakarta.persistence-api\2.2.3\jakarta.persistence-api-2.2.3.jar;C:\Users\Ludo\.m2\repository\org\springframework\data\spring-data-jpa\2.3.2.RELEASE\spring-data-jpa-2.3.2.RELEASE.jar;C:\Users\Ludo\.m2\repository\org\springframework\data\spring-data-commons\2.3.2.RELEASE\spring-data-commons-2.3.2.RELEASE.jar;C:\Users\Ludo\.m2\repository\org\springframework\spring-aspects\5.2.8.RELEASE\spring-aspects-5.2.8.RELEASE.jar;C:\Users\Ludo\.m2\repository\org\springframework\boot\spring-boot-starter-validation\2.3.2.RELEASE\spring-boot-starter-validation-2.3.2.RELEASE.jar;C:\Users\Ludo\.m2\repository\org\glassfish\jakarta.el\3.0.3\jakarta.el-3.0.3.jar;C:\Users\Ludo\.m2\repository\javax\validation\validation-api\2.0.1.Final\validation-api-2.0.1.Final.jar;C:\Users\Ludo\.m2\repository\org\hibernate\validator\hibernate-validator\6.0.1.Final\hibernate-validator-6.0.1.Final.jar;C:\Users\Ludo\.m2\repository\org\jboss\logging\jboss-logging\3.4.1.Final\jboss-logging-3.4.1.Final.jar;C:\Users\Ludo\.m2\repository\com\fasterxml\classmate\1.5.1\classmate-1.5.1.jar;C:\Users\Ludo\.m2\repository\org\hibernate\validator\hibernate-validator-annotation-processor\6.1.5.Final\hibernate-validator-annotation-processor-6.1.5.Final.jar;C:\Users\Ludo\.m2\repository\org\springframework\boot\spring-boot-starter-mail\2.3.2.RELEASE\spring-boot-starter-mail-2.3.2.RELEASE.jar;C:\Users\Ludo\.m2\repository\org\springframework\spring-context-support\5.2.8.RELEASE\spring-context-support-5.2.8.RELEASE.jar;C:\Users\Ludo\.m2\repository\com\sun\mail\jakarta.mail\1.6.5\jakarta.mail-1.6.5.jar;C:\Users\Ludo\.m2\repository\com\sun\activation\jakarta.activation\1.2.2\jakarta.activation-1.2.2.jar;C:\Users\Ludo\.m2\repository\com\github\ulisesbocchio\jasypt-spring-boot-starter\2.0.0\jasypt-spring-boot-starter-2.0.0.jar;C:\Users\Ludo\.m2\repository\org\jasypt\jasypt\1.9.3\jasypt-1.9.3.jar;C:\Users\Ludo\.m2\repository\com\github\ulisesbocchio\jasypt-spring-boot\2.0.0\jasypt-spring-boot-2.0.0.jar;C:\Users\Ludo\.m2\repository\org\springframework\boot\spring-boot-starter-actuator\2.3.2.RELEASE\spring-boot-starter-actuator-2.3.2.RELEASE.jar;C:\Users\Ludo\.m2\repository\org\springframework\boot\spring-boot-actuator-autoconfigure\2.3.2.RELEASE\spring-boot-actuator-autoconfigure-2.3.2.RELEASE.jar;C:\Users\Ludo\.m2\repository\org\springframework\boot\spring-boot-actuator\2.3.2.RELEASE\spring-boot-actuator-2.3.2.RELEASE.jar;C:\Users\Ludo\.m2\repository\io\micrometer\micrometer-core\1.5.3\micrometer-core-1.5.3.jar;C:\Users\Ludo\.m2\repository\org\hdrhistogram\HdrHistogram\2.1.12\HdrHistogram-2.1.12.jar;C:\Users\Ludo\.m2\repository\org\latencyutils\LatencyUtils\2.0.3\LatencyUtils-2.0.3.jar;C:\Users\Ludo\.m2\repository\org\springframework\boot\spring-boot-starter-test\2.3.2.RELEASE\spring-boot-starter-test-2.3.2.RELEASE.jar;C:\Users\Ludo\.m2\repository\org\springframework\boot\spring-boot-test\2.3.2.RELEASE\spring-boot-test-2.3.2.RELEASE.jar;C:\Users\Ludo\.m2\repository\org\springframework\boot\spring-boot-test-autoconfigure\2.3.2.RELEASE\spring-boot-test-autoconfigure-2.3.2.RELEASE.jar;C:\Users\Ludo\.m2\repository\com\jayway\jsonpath\json-path\2.4.0\json-path-2.4.0.jar;C:\Users\Ludo\.m2\repository\net\minidev\json-smart\2.3\json-smart-2.3.jar;C:\Users\Ludo\.m2\repository\net\minidev\accessors-smart\1.2\accessors-smart-1.2.jar;C:\Users\Ludo\.m2\repository\jakarta\xml\bind\jakarta.xml.bind-api\2.3.3\jakarta.xml.bind-api-2.3.3.jar;C:\Users\Ludo\.m2\repository\jakarta\activation\jakarta.activation-api\1.2.2\jakarta.activation-api-1.2.2.jar;C:\Users\Ludo\.m2\repository\org\assertj\assertj-core\3.16.1\assertj-core-3.16.1.jar;C:\Users\Ludo\.m2\repository\org\hamcrest\hamcrest\2.2\hamcrest-2.2.jar;C:\Users\Ludo\.m2\repository\org\junit\jupiter\junit-jupiter\5.6.2\junit-jupiter-5.6.2.jar;C:\Users\Ludo\.m2\repository\org\junit\jupiter\junit-jupiter-api\5.6.2\junit-jupiter-api-5.6.2.jar;C:\Users\Ludo\.m2\repository\org\apiguardian\apiguardian-api\1.1.0\apiguardian-api-1.1.0.jar;C:\Users\Ludo\.m2\repository\org\opentest4j\opentest4j\1.2.0\opentest4j-1.2.0.jar;C:\Users\Ludo\.m2\repository\org\junit\platform\junit-platform-commons\1.6.2\junit-platform-commons-1.6.2.jar;C:\Users\Ludo\.m2\repository\org\junit\jupiter\junit-jupiter-params\5.6.2\junit-jupiter-params-5.6.2.jar;C:\Users\Ludo\.m2\repository\org\junit\jupiter\junit-jupiter-engine\5.6.2\junit-jupiter-engine-5.6.2.jar;C:\Users\Ludo\.m2\repository\org\junit\platform\junit-platform-engine\1.6.2\junit-platform-engine-1.6.2.jar;C:\Users\Ludo\.m2\repository\org\mockito\mockito-core\3.3.3\mockito-core-3.3.3.jar;C:\Users\Ludo\.m2\repository\net\bytebuddy\byte-buddy-agent\1.10.13\byte-buddy-agent-1.10.13.jar;C:\Users\Ludo\.m2\repository\org\objenesis\objenesis\2.6\objenesis-2.6.jar;C:\Users\Ludo\.m2\repository\org\mockito\mockito-junit-jupiter\3.3.3\mockito-junit-jupiter-3.3.3.jar;C:\Users\Ludo\.m2\repository\org\skyscreamer\jsonassert\1.5.0\jsonassert-1.5.0.jar;C:\Users\Ludo\.m2\repository\com\vaadin\external\google\android-json\0.0.20131108.vaadin1\android-json-0.0.20131108.vaadin1.jar;C:\Users\Ludo\.m2\repository\org\xmlunit\xmlunit-core\2.7.0\xmlunit-core-2.7.0.jar;C:\Users\Ludo\.m2\repository\com\h2database\h2\1.4.200\h2-1.4.200.jar;C:\Users\Ludo\.m2\repository\org\hsqldb\hsqldb\2.5.1\hsqldb-2.5.1.jar;C:\Users\Ludo\.m2\repository\mysql\mysql-connector-java\8.0.21\mysql-connector-java-8.0.21.jar;C:\Users\Ludo\.m2\repository\org\hibernate\hibernate-core\5.4.18.Final\hibernate-core-5.4.18.Final.jar;C:\Users\Ludo\.m2\repository\javax\persistence\javax.persistence-api\2.2\javax.persistence-api-2.2.jar;C:\Users\Ludo\.m2\repository\org\javassist\javassist\3.24.0-GA\javassist-3.24.0-GA.jar;C:\Users\Ludo\.m2\repository\net\bytebuddy\byte-buddy\1.10.13\byte-buddy-1.10.13.jar;C:\Users\Ludo\.m2\repository\antlr\antlr\2.7.7\antlr-2.7.7.jar;C:\Users\Ludo\.m2\repository\org\jboss\spec\javax\transaction\jboss-transaction-api_1.2_spec\1.1.1.Final\jboss-transaction-api_1.2_spec-1.1.1.Final.jar;C:\Users\Ludo\.m2\repository\org\jboss\jandex\2.1.3.Final\jandex-2.1.3.Final.jar;C:\Users\Ludo\.m2\repository\javax\activation\javax.activation-api\1.2.0\javax.activation-api-1.2.0.jar;C:\Users\Ludo\.m2\repository\org\dom4j\dom4j\2.1.3\dom4j-2.1.3.jar;C:\Users\Ludo\.m2\repository\org\hibernate\common\hibernate-commons-annotations\5.1.0.Final\hibernate-commons-annotations-5.1.0.Final.jar;C:\Users\Ludo\.m2\repository\javax\xml\bind\jaxb-api\2.3.1\jaxb-api-2.3.1.jar;C:\Users\Ludo\.m2\repository\org\glassfish\jaxb\jaxb-runtime\2.3.3\jaxb-runtime-2.3.3.jar;C:\Users\Ludo\.m2\repository\org\glassfish\jaxb\txw2\2.3.3\txw2-2.3.3.jar;C:\Users\Ludo\.m2\repository\com\sun\istack\istack-commons-runtime\3.0.11\istack-commons-runtime-3.0.11.jar;C:\Users\Ludo\.m2\repository\org\springframework\spring-orm\5.2.8.RELEASE\spring-orm-5.2.8.RELEASE.jar;C:\Users\Ludo\.m2\repository\org\springframework\spring-beans\5.2.8.RELEASE\spring-beans-5.2.8.RELEASE.jar;C:\Users\Ludo\.m2\repository\org\springframework\spring-jdbc\5.2.8.RELEASE\spring-jdbc-5.2.8.RELEASE.jar;C:\Users\Ludo\.m2\repository\org\springframework\spring-tx\5.2.8.RELEASE\spring-tx-5.2.8.RELEASE.jar;C:\Users\Ludo\.m2\repository\org\jacoco\jacoco-maven-plugin\0.8.5\jacoco-maven-plugin-0.8.5.jar;C:\Users\Ludo\.m2\repository\org\apache\maven\maven-plugin-api\3.0\maven-plugin-api-3.0.jar;C:\Users\Ludo\.m2\repository\org\apache\maven\maven-model\3.0\maven-model-3.0.jar;C:\Users\Ludo\.m2\repository\org\sonatype\sisu\sisu-inject-plexus\1.4.2\sisu-inject-plexus-1.4.2.jar;C:\Users\Ludo\.m2\repository\org\sonatype\sisu\sisu-inject-bean\1.4.2\sisu-inject-bean-1.4.2.jar;C:\Users\Ludo\.m2\repository\org\sonatype\sisu\sisu-guice\2.1.7\sisu-guice-2.1.7-noaop.jar;C:\Users\Ludo\.m2\repository\org\apache\maven\maven-core\3.0\maven-core-3.0.jar;C:\Users\Ludo\.m2\repository\org\apache\maven\maven-settings\3.0\maven-settings-3.0.jar;C:\Users\Ludo\.m2\repository\org\apache\maven\maven-settings-builder\3.0\maven-settings-builder-3.0.jar;C:\Users\Ludo\.m2\repository\org\apache\maven\maven-repository-metadata\3.0\maven-repository-metadata-3.0.jar;C:\Users\Ludo\.m2\repository\org\apache\maven\maven-model-builder\3.0\maven-model-builder-3.0.jar;C:\Users\Ludo\.m2\repository\org\apache\maven\maven-aether-provider\3.0\maven-aether-provider-3.0.jar;C:\Users\Ludo\.m2\repository\org\sonatype\aether\aether-impl\1.7\aether-impl-1.7.jar;C:\Users\Ludo\.m2\repository\org\sonatype\aether\aether-spi\1.7\aether-spi-1.7.jar;C:\Users\Ludo\.m2\repository\org\sonatype\aether\aether-api\1.7\aether-api-1.7.jar;C:\Users\Ludo\.m2\repository\org\sonatype\aether\aether-util\1.7\aether-util-1.7.jar;C:\Users\Ludo\.m2\repository\org\codehaus\plexus\plexus-interpolation\1.14\plexus-interpolation-1.14.jar;C:\Users\Ludo\.m2\repository\org\codehaus\plexus\plexus-classworlds\2.2.3\plexus-classworlds-2.2.3.jar;C:\Users\Ludo\.m2\repository\org\codehaus\plexus\plexus-component-annotations\1.5.5\plexus-component-annotations-1.5.5.jar;C:\Users\Ludo\.m2\repository\org\sonatype\plexus\plexus-sec-dispatcher\1.3\plexus-sec-dispatcher-1.3.jar;C:\Users\Ludo\.m2\repository\org\sonatype\plexus\plexus-cipher\1.4\plexus-cipher-1.4.jar;C:\Users\Ludo\.m2\repository\org\codehaus\plexus\plexus-utils\3.0.22\plexus-utils-3.0.22.jar;C:\Users\Ludo\.m2\repository\org\apache\maven\shared\file-management\1.2.1\file-management-1.2.1.jar;C:\Users\Ludo\.m2\repository\org\apache\maven\shared\maven-shared-io\1.1\maven-shared-io-1.1.jar;C:\Users\Ludo\.m2\repository\org\apache\maven\maven-artifact-manager\2.0.2\maven-artifact-manager-2.0.2.jar;C:\Users\Ludo\.m2\repository\org\apache\maven\wagon\wagon-provider-api\1.0-alpha-6\wagon-provider-api-1.0-alpha-6.jar;C:\Users\Ludo\.m2\repository\org\apache\maven\reporting\maven-reporting-api\3.0\maven-reporting-api-3.0.jar;C:\Users\Ludo\.m2\repository\org\apache\maven\reporting\maven-reporting-impl\2.1\maven-reporting-impl-2.1.jar;C:\Users\Ludo\.m2\repository\org\apache\maven\maven-project\2.0.10\maven-project-2.0.10.jar;C:\Users\Ludo\.m2\repository\org\apache\maven\maven-profile\2.0.10\maven-profile-2.0.10.jar;C:\Users\Ludo\.m2\repository\org\apache\maven\maven-plugin-registry\2.0.10\maven-plugin-registry-2.0.10.jar;C:\Users\Ludo\.m2\repository\org\jacoco\org.jacoco.agent\0.8.5\org.jacoco.agent-0.8.5-runtime.jar;C:\Users\Ludo\.m2\repository\org\jacoco\org.jacoco.core\0.8.5\org.jacoco.core-0.8.5.jar;C:\Users\Ludo\.m2\repository\org\jacoco\org.jacoco.report\0.8.5\org.jacoco.report-0.8.5.jar;C:\Users\Ludo\.m2\repository\com\github\spotbugs\spotbugs-maven-plugin\4.0.0\spotbugs-maven-plugin-4.0.0.jar;C:\Users\Ludo\.m2\repository\com\github\spotbugs\spotbugs\4.0.0\spotbugs-4.0.0.jar;C:\Users\Ludo\.m2\repository\org\apache\bcel\bcel\6.4.1\bcel-6.4.1.jar;C:\Users\Ludo\.m2\repository\net\jcip\jcip-annotations\1.0\jcip-annotations-1.0.jar;C:\Users\Ludo\.m2\repository\commons-lang\commons-lang\2.6\commons-lang-2.6.jar;C:\Users\Ludo\.m2\repository\com\github\spotbugs\spotbugs-annotations\4.0.0\spotbugs-annotations-4.0.0.jar;C:\Users\Ludo\.m2\repository\com\google\code\findbugs\jsr305\3.0.2\jsr305-3.0.2.jar;C:\Users\Ludo\.m2\repository\jaxen\jaxen\1.2.0\jaxen-1.2.0.jar;C:\Users\Ludo\.m2\repository\net\sf\saxon\Saxon-HE\9.9.1-2\Saxon-HE-9.9.1-2.jar;C:\Users\Ludo\.m2\repository\com\ibm\icu\icu4j\63.1\icu4j-63.1.jar;C:\Users\Ludo\.m2\repository\org\apache\ant\ant\1.10.7\ant-1.10.7.jar;C:\Users\Ludo\.m2\repository\org\apache\ant\ant-launcher\1.10.7\ant-launcher-1.10.7.jar;C:\Users\Ludo\.m2\repository\org\codehaus\groovy\groovy\3.0.2\groovy-3.0.2-indy.jar;C:\Users\Ludo\.m2\repository\org\codehaus\groovy\groovy-ant\3.0.2\groovy-ant-3.0.2-indy.jar;C:\Users\Ludo\.m2\repository\org\codehaus\groovy\groovy\2.5.13\groovy-2.5.13.jar;C:\Users\Ludo\.m2\repository\org\codehaus\groovy\groovy-dateutil\3.0.2\groovy-dateutil-3.0.2-indy.jar;C:\Users\Ludo\.m2\repository\org\codehaus\groovy\groovy-groovydoc\2.5.13\groovy-groovydoc-2.5.13.jar;C:\Users\Ludo\.m2\repository\org\codehaus\groovy\groovy-templates\2.5.13\groovy-templates-2.5.13.jar;C:\Users\Ludo\.m2\repository\org\codehaus\groovy\groovy-cli-picocli\2.5.13\groovy-cli-picocli-2.5.13.jar;C:\Users\Ludo\.m2\repository\info\picocli\picocli\4.3.2\picocli-4.3.2.jar;C:\Users\Ludo\.m2\repository\org\codehaus\groovy\groovy-docgenerator\2.5.13\groovy-docgenerator-2.5.13.jar;C:\Users\Ludo\.m2\repository\com\thoughtworks\qdox\qdox\1.12.1\qdox-1.12.1.jar;C:\Users\Ludo\.m2\repository\org\codehaus\groovy\groovy-xml\2.5.13\groovy-xml-2.5.13.jar;C:\Users\Ludo\.m2\repository\org\apache\maven\maven-artifact\3.5.2\maven-artifact-3.5.2.jar;C:\Users\Ludo\.m2\repository\org\apache\maven\shared\maven-artifact-transfer\0.12.0\maven-artifact-transfer-0.12.0.jar;C:\Users\Ludo\.m2\repository\org\apache\maven\shared\maven-common-artifact-filters\3.0.1\maven-common-artifact-filters-3.0.1.jar;C:\Users\Ludo\.m2\repository\org\apache\maven\shared\maven-shared-utils\3.1.0\maven-shared-utils-3.1.0.jar;C:\Users\Ludo\.m2\repository\org\apache\maven\doxia\doxia-core\1.9.1\doxia-core-1.9.1.jar;C:\Users\Ludo\.m2\repository\org\apache\maven\doxia\doxia-logging-api\1.9.1\doxia-logging-api-1.9.1.jar;C:\Users\Ludo\.m2\repository\org\apache\httpcomponents\httpclient\4.5.12\httpclient-4.5.12.jar;C:\Users\Ludo\.m2\repository\org\apache\httpcomponents\httpcore\4.4.13\httpcore-4.4.13.jar;C:\Users\Ludo\.m2\repository\org\apache\maven\doxia\doxia-sink-api\1.9.1\doxia-sink-api-1.9.1.jar;C:\Users\Ludo\.m2\repository\org\apache\maven\doxia\doxia-decoration-model\1.9.2\doxia-decoration-model-1.9.2.jar;C:\Users\Ludo\.m2\repository\org\apache\maven\doxia\doxia-site-renderer\1.9.2\doxia-site-renderer-1.9.2.jar;C:\Users\Ludo\.m2\repository\org\apache\maven\doxia\doxia-skin-model\1.9.2\doxia-skin-model-1.9.2.jar;C:\Users\Ludo\.m2\repository\org\apache\maven\doxia\doxia-module-xhtml\1.9.1\doxia-module-xhtml-1.9.1.jar;C:\Users\Ludo\.m2\repository\org\apache\maven\doxia\doxia-module-xhtml5\1.9.1\doxia-module-xhtml5-1.9.1.jar;C:\Users\Ludo\.m2\repository\org\codehaus\plexus\plexus-i18n\1.0-beta-10\plexus-i18n-1.0-beta-10.jar;C:\Users\Ludo\.m2\repository\org\codehaus\plexus\plexus-velocity\1.2\plexus-velocity-1.2.jar;C:\Users\Ludo\.m2\repository\org\apache\velocity\velocity\1.7\velocity-1.7.jar;C:\Users\Ludo\.m2\repository\org\apache\velocity\velocity-tools\2.0\velocity-tools-2.0.jar;C:\Users\Ludo\.m2\repository\oro\oro\2.0.8\oro-2.0.8.jar;C:\Users\Ludo\.m2\repository\org\apache\maven\doxia\doxia-integration-tools\1.9.2\doxia-integration-tools-1.9.2.jar;C:\Users\Ludo\.m2\repository\commons-beanutils\commons-beanutils\1.9.4\commons-beanutils-1.9.4.jar;C:\Users\Ludo\.m2\repository\commons-logging\commons-logging\1.2\commons-logging-1.2.jar;C:\Users\Ludo\.m2\repository\commons-chain\commons-chain\1.2\commons-chain-1.2.jar;C:\Users\Ludo\.m2\repository\commons-codec\commons-codec\1.14\commons-codec-1.14.jar;C:\Users\Ludo\.m2\repository\commons-collections\commons-collections\3.2.2\commons-collections-3.2.2.jar;C:\Users\Ludo\.m2\repository\commons-digester\commons-digester\2.1\commons-digester-2.1.jar;C:\Users\Ludo\.m2\repository\commons-io\commons-io\2.6\commons-io-2.6.jar;C:\Users\Ludo\.m2\repository\org\apache\commons\commons-lang3\3.10\commons-lang3-3.10.jar;C:\Users\Ludo\.m2\repository\commons-validator\commons-validator\1.6\commons-validator-1.6.jar;C:\Users\Ludo\.m2\repository\org\codehaus\plexus\plexus-container-default\2.1.0\plexus-container-default-2.1.0.jar;C:\Users\Ludo\.m2\repository\org\apache\xbean\xbean-reflect\3.7\xbean-reflect-3.7.jar;C:\Users\Ludo\.m2\repository\org\codehaus\plexus\plexus-resources\1.1.0\plexus-resources-1.1.0.jar;C:\Users\Ludo\.m2\repository\org\slf4j\slf4j-api\1.7.30\slf4j-api-1.7.30.jar;C:\Users\Ludo\.m2\repository\org\ow2\asm\asm\7.3.1\asm-7.3.1.jar;C:\Users\Ludo\.m2\repository\org\ow2\asm\asm-analysis\7.3.1\asm-analysis-7.3.1.jar;C:\Users\Ludo\.m2\repository\org\ow2\asm\asm-commons\7.3.1\asm-commons-7.3.1.jar;C:\Users\Ludo\.m2\repository\org\ow2\asm\asm-tree\7.3.1\asm-tree-7.3.1.jar;C:\Users\Ludo\.m2\repository\org\ow2\asm\asm-util\7.3.1\asm-util-7.3.1.jar;"/>
    <property name="java.vm.vendor" value="Oracle Corporation"/>
    <property name="sun.arch.data.model" value="64"/>
    <property name="user.variant" value=""/>
    <property name="java.vendor.url" value="http://java.oracle.com/"/>
    <property name="user.timezone" value="Europe/Paris"/>
    <property name="java.vm.specification.version" value="11"/>
    <property name="os.name" value="Windows 10"/>
    <property name="sun.java.launcher" value="SUN_STANDARD"/>
    <property name="user.country" value="FR"/>
    <property name="sun.boot.library.path" value="C:\Java\jdk-11.0.1\bin"/>
    <property name="sun.java.command" value="C:\Users\Ludo\AppData\Local\Temp\surefire4283024983984708657\surefirebooter5931357091793614156.jar C:\Users\Ludo\AppData\Local\Temp\surefire4283024983984708657 2020-09-15T16-28-59_140-jvmRun1 surefire6419108232016651723tmp surefire_01812217352800094570tmp"/>
    <property name="jdk.debug" value="release"/>
    <property name="surefire.test.class.path" value="C:\Users\Ludo\Documents\Eclipse\workspace\Pay_My_Buddy\target\test-classes;C:\Users\Ludo\Documents\Eclipse\workspace\Pay_My_Buddy\target\classes;C:\Users\Ludo\.m2\repository\org\springframework\boot\spring-boot-starter-security\2.3.2.RELEASE\spring-boot-starter-security-2.3.2.RELEASE.jar;C:\Users\Ludo\.m2\repository\org\springframework\boot\spring-boot-starter\2.3.2.RELEASE\spring-boot-starter-2.3.2.RELEASE.jar;C:\Users\Ludo\.m2\repository\org\springframework\boot\spring-boot\2.3.2.RELEASE\spring-boot-2.3.2.RELEASE.jar;C:\Users\Ludo\.m2\repository\org\springframework\boot\spring-boot-autoconfigure\2.3.2.RELEASE\spring-boot-autoconfigure-2.3.2.RELEASE.jar;C:\Users\Ludo\.m2\repository\org\springframework\boot\spring-boot-starter-logging\2.3.2.RELEASE\spring-boot-starter-logging-2.3.2.RELEASE.jar;C:\Users\Ludo\.m2\repository\ch\qos\logback\logback-classic\1.2.3\logback-classic-1.2.3.jar;C:\Users\Ludo\.m2\repository\ch\qos\logback\logback-core\1.2.3\logback-core-1.2.3.jar;C:\Users\Ludo\.m2\repository\org\apache\logging\log4j\log4j-to-slf4j\2.13.3\log4j-to-slf4j-2.13.3.jar;C:\Users\Ludo\.m2\repository\org\apache\logging\log4j\log4j-api\2.13.3\log4j-api-2.13.3.jar;C:\Users\Ludo\.m2\repository\org\slf4j\jul-to-slf4j\1.7.30\jul-to-slf4j-1.7.30.jar;C:\Users\Ludo\.m2\repository\jakarta\annotation\jakarta.annotation-api\1.3.5\jakarta.annotation-api-1.3.5.jar;C:\Users\Ludo\.m2\repository\org\yaml\snakeyaml\1.26\snakeyaml-1.26.jar;C:\Users\Ludo\.m2\repository\org\springframework\spring-aop\5.2.8.RELEASE\spring-aop-5.2.8.RELEASE.jar;C:\Users\Ludo\.m2\repository\org\springframework\security\spring-security-config\5.3.3.RELEASE\spring-security-config-5.3.3.RELEASE.jar;C:\Users\Ludo\.m2\repository\org\springframework\spring-context\5.2.8.RELEASE\spring-context-5.2.8.RELEASE.jar;C:\Users\Ludo\.m2\repository\org\springframework\security\spring-security-web\5.3.3.RELEASE\spring-security-web-5.3.3.RELEASE.jar;C:\Users\Ludo\.m2\repository\org\springframework\spring-expression\5.2.8.RELEASE\spring-expression-5.2.8.RELEASE.jar;C:\Users\Ludo\.m2\repository\org\springframework\boot\spring-boot-starter-thymeleaf\2.3.2.RELEASE\spring-boot-starter-thymeleaf-2.3.2.RELEASE.jar;C:\Users\Ludo\.m2\repository\org\thymeleaf\thymeleaf-spring5\3.0.11.RELEASE\thymeleaf-spring5-3.0.11.RELEASE.jar;C:\Users\Ludo\.m2\repository\org\thymeleaf\thymeleaf\3.0.11.RELEASE\thymeleaf-3.0.11.RELEASE.jar;C:\Users\Ludo\.m2\repository\org\attoparser\attoparser\2.0.5.RELEASE\attoparser-2.0.5.RELEASE.jar;C:\Users\Ludo\.m2\repository\org\unbescape\unbescape\1.1.6.RELEASE\unbescape-1.1.6.RELEASE.jar;C:\Users\Ludo\.m2\repository\org\thymeleaf\extras\thymeleaf-extras-java8time\3.0.4.RELEASE\thymeleaf-extras-java8time-3.0.4.RELEASE.jar;C:\Users\Ludo\.m2\repository\org\springframework\boot\spring-boot-starter-web\2.3.2.RELEASE\spring-boot-starter-web-2.3.2.RELEASE.jar;C:\Users\Ludo\.m2\repository\org\springframework\boot\spring-boot-starter-json\2.3.2.RELEASE\spring-boot-starter-json-2.3.2.RELEASE.jar;C:\Users\Ludo\.m2\repository\com\fasterxml\jackson\core\jackson-databind\2.11.1\jackson-databind-2.11.1.jar;C:\Users\Ludo\.m2\repository\com\fasterxml\jackson\core\jackson-annotations\2.11.1\jackson-annotations-2.11.1.jar;C:\Users\Ludo\.m2\repository\com\fasterxml\jackson\core\jackson-core\2.11.1\jackson-core-2.11.1.jar;C:\Users\Ludo\.m2\repository\com\fasterxml\jackson\datatype\jackson-datatype-jdk8\2.11.1\jackson-datatype-jdk8-2.11.1.jar;C:\Users\Ludo\.m2\repository\com\fasterxml\jackson\datatype\jackson-datatype-jsr310\2.11.1\jackson-datatype-jsr310-2.11.1.jar;C:\Users\Ludo\.m2\repository\com\fasterxml\jackson\module\jackson-module-parameter-names\2.11.1\jackson-module-parameter-names-2.11.1.jar;C:\Users\Ludo\.m2\repository\org\springframework\boot\spring-boot-starter-tomcat\2.3.2.RELEASE\spring-boot-starter-tomcat-2.3.2.RELEASE.jar;C:\Users\Ludo\.m2\repository\org\apache\tomcat\embed\tomcat-embed-core\9.0.37\tomcat-embed-core-9.0.37.jar;C:\Users\Ludo\.m2\repository\org\apache\tomcat\embed\tomcat-embed-websocket\9.0.37\tomcat-embed-websocket-9.0.37.jar;C:\Users\Ludo\.m2\repository\org\springframework\spring-web\5.2.8.RELEASE\spring-web-5.2.8.RELEASE.jar;C:\Users\Ludo\.m2\repository\org\springframework\spring-webmvc\5.2.8.RELEASE\spring-webmvc-5.2.8.RELEASE.jar;C:\Users\Ludo\.m2\repository\org\springframework\security\spring-security-test\5.3.3.RELEASE\spring-security-test-5.3.3.RELEASE.jar;C:\Users\Ludo\.m2\repository\org\springframework\security\spring-security-core\5.3.3.RELEASE\spring-security-core-5.3.3.RELEASE.jar;C:\Users\Ludo\.m2\repository\org\springframework\spring-core\5.2.8.RELEASE\spring-core-5.2.8.RELEASE.jar;C:\Users\Ludo\.m2\repository\org\springframework\spring-jcl\5.2.8.RELEASE\spring-jcl-5.2.8.RELEASE.jar;C:\Users\Ludo\.m2\repository\org\springframework\spring-test\5.2.8.RELEASE\spring-test-5.2.8.RELEASE.jar;C:\Users\Ludo\.m2\repository\org\springframework\boot\spring-boot-starter-data-jpa\2.3.2.RELEASE\spring-boot-starter-data-jpa-2.3.2.RELEASE.jar;C:\Users\Ludo\.m2\repository\org\springframework\boot\spring-boot-starter-aop\2.3.2.RELEASE\spring-boot-starter-aop-2.3.2.RELEASE.jar;C:\Users\Ludo\.m2\repository\org\aspectj\aspectjweaver\1.9.6\aspectjweaver-1.9.6.jar;C:\Users\Ludo\.m2\repository\org\springframework\boot\spring-boot-starter-jdbc\2.3.2.RELEASE\spring-boot-starter-jdbc-2.3.2.RELEASE.jar;C:\Users\Ludo\.m2\repository\com\zaxxer\HikariCP\3.4.5\HikariCP-3.4.5.jar;C:\Users\Ludo\.m2\repository\jakarta\transaction\jakarta.transaction-api\1.3.3\jakarta.transaction-api-1.3.3.jar;C:\Users\Ludo\.m2\repository\jakarta\persistence\jakarta.persistence-api\2.2.3\jakarta.persistence-api-2.2.3.jar;C:\Users\Ludo\.m2\repository\org\springframework\data\spring-data-jpa\2.3.2.RELEASE\spring-data-jpa-2.3.2.RELEASE.jar;C:\Users\Ludo\.m2\repository\org\springframework\data\spring-data-commons\2.3.2.RELEASE\spring-data-commons-2.3.2.RELEASE.jar;C:\Users\Ludo\.m2\repository\org\springframework\spring-aspects\5.2.8.RELEASE\spring-aspects-5.2.8.RELEASE.jar;C:\Users\Ludo\.m2\repository\org\springframework\boot\spring-boot-starter-validation\2.3.2.RELEASE\spring-boot-starter-validation-2.3.2.RELEASE.jar;C:\Users\Ludo\.m2\repository\org\glassfish\jakarta.el\3.0.3\jakarta.el-3.0.3.jar;C:\Users\Ludo\.m2\repository\javax\validation\validation-api\2.0.1.Final\validation-api-2.0.1.Final.jar;C:\Users\Ludo\.m2\repository\org\hibernate\validator\hibernate-validator\6.0.1.Final\hibernate-validator-6.0.1.Final.jar;C:\Users\Ludo\.m2\repository\org\jboss\logging\jboss-logging\3.4.1.Final\jboss-logging-3.4.1.Final.jar;C:\Users\Ludo\.m2\repository\com\fasterxml\classmate\1.5.1\classmate-1.5.1.jar;C:\Users\Ludo\.m2\repository\org\hibernate\validator\hibernate-validator-annotation-processor\6.1.5.Final\hibernate-validator-annotation-processor-6.1.5.Final.jar;C:\Users\Ludo\.m2\repository\org\springframework\boot\spring-boot-starter-mail\2.3.2.RELEASE\spring-boot-starter-mail-2.3.2.RELEASE.jar;C:\Users\Ludo\.m2\repository\org\springframework\spring-context-support\5.2.8.RELEASE\spring-context-support-5.2.8.RELEASE.jar;C:\Users\Ludo\.m2\repository\com\sun\mail\jakarta.mail\1.6.5\jakarta.mail-1.6.5.jar;C:\Users\Ludo\.m2\repository\com\sun\activation\jakarta.activation\1.2.2\jakarta.activation-1.2.2.jar;C:\Users\Ludo\.m2\repository\com\github\ulisesbocchio\jasypt-spring-boot-starter\2.0.0\jasypt-spring-boot-starter-2.0.0.jar;C:\Users\Ludo\.m2\repository\org\jasypt\jasypt\1.9.3\jasypt-1.9.3.jar;C:\Users\Ludo\.m2\repository\com\github\ulisesbocchio\jasypt-spring-boot\2.0.0\jasypt-spring-boot-2.0.0.jar;C:\Users\Ludo\.m2\repository\org\springframework\boot\spring-boot-starter-actuator\2.3.2.RELEASE\spring-boot-starter-actuator-2.3.2.RELEASE.jar;C:\Users\Ludo\.m2\repository\org\springframework\boot\spring-boot-actuator-autoconfigure\2.3.2.RELEASE\spring-boot-actuator-autoconfigure-2.3.2.RELEASE.jar;C:\Users\Ludo\.m2\repository\org\springframework\boot\spring-boot-actuator\2.3.2.RELEASE\spring-boot-actuator-2.3.2.RELEASE.jar;C:\Users\Ludo\.m2\repository\io\micrometer\micrometer-core\1.5.3\micrometer-core-1.5.3.jar;C:\Users\Ludo\.m2\repository\org\hdrhistogram\HdrHistogram\2.1.12\HdrHistogram-2.1.12.jar;C:\Users\Ludo\.m2\repository\org\latencyutils\LatencyUtils\2.0.3\LatencyUtils-2.0.3.jar;C:\Users\Ludo\.m2\repository\org\springframework\boot\spring-boot-starter-test\2.3.2.RELEASE\spring-boot-starter-test-2.3.2.RELEASE.jar;C:\Users\Ludo\.m2\repository\org\springframework\boot\spring-boot-test\2.3.2.RELEASE\spring-boot-test-2.3.2.RELEASE.jar;C:\Users\Ludo\.m2\repository\org\springframework\boot\spring-boot-test-autoconfigure\2.3.2.RELEASE\spring-boot-test-autoconfigure-2.3.2.RELEASE.jar;C:\Users\Ludo\.m2\repository\com\jayway\jsonpath\json-path\2.4.0\json-path-2.4.0.jar;C:\Users\Ludo\.m2\repository\net\minidev\json-smart\2.3\json-smart-2.3.jar;C:\Users\Ludo\.m2\repository\net\minidev\accessors-smart\1.2\accessors-smart-1.2.jar;C:\Users\Ludo\.m2\repository\jakarta\xml\bind\jakarta.xml.bind-api\2.3.3\jakarta.xml.bind-api-2.3.3.jar;C:\Users\Ludo\.m2\repository\jakarta\activation\jakarta.activation-api\1.2.2\jakarta.activation-api-1.2.2.jar;C:\Users\Ludo\.m2\repository\org\assertj\assertj-core\3.16.1\assertj-core-3.16.1.jar;C:\Users\Ludo\.m2\repository\org\hamcrest\hamcrest\2.2\hamcrest-2.2.jar;C:\Users\Ludo\.m2\repository\org\junit\jupiter\junit-jupiter\5.6.2\junit-jupiter-5.6.2.jar;C:\Users\Ludo\.m2\repository\org\junit\jupiter\junit-jupiter-api\5.6.2\junit-jupiter-api-5.6.2.jar;C:\Users\Ludo\.m2\repository\org\apiguardian\apiguardian-api\1.1.0\apiguardian-api-1.1.0.jar;C:\Users\Ludo\.m2\repository\org\opentest4j\opentest4j\1.2.0\opentest4j-1.2.0.jar;C:\Users\Ludo\.m2\repository\org\junit\platform\junit-platform-commons\1.6.2\junit-platform-commons-1.6.2.jar;C:\Users\Ludo\.m2\repository\org\junit\jupiter\junit-jupiter-params\5.6.2\junit-jupiter-params-5.6.2.jar;C:\Users\Ludo\.m2\repository\org\junit\jupiter\junit-jupiter-engine\5.6.2\junit-jupiter-engine-5.6.2.jar;C:\Users\Ludo\.m2\repository\org\junit\platform\junit-platform-engine\1.6.2\junit-platform-engine-1.6.2.jar;C:\Users\Ludo\.m2\repository\org\mockito\mockito-core\3.3.3\mockito-core-3.3.3.jar;C:\Users\Ludo\.m2\repository\net\bytebuddy\byte-buddy-agent\1.10.13\byte-buddy-agent-1.10.13.jar;C:\Users\Ludo\.m2\repository\org\objenesis\objenesis\2.6\objenesis-2.6.jar;C:\Users\Ludo\.m2\repository\org\mockito\mockito-junit-jupiter\3.3.3\mockito-junit-jupiter-3.3.3.jar;C:\Users\Ludo\.m2\repository\org\skyscreamer\jsonassert\1.5.0\jsonassert-1.5.0.jar;C:\Users\Ludo\.m2\repository\com\vaadin\external\google\android-json\0.0.20131108.vaadin1\android-json-0.0.20131108.vaadin1.jar;C:\Users\Ludo\.m2\repository\org\xmlunit\xmlunit-core\2.7.0\xmlunit-core-2.7.0.jar;C:\Users\Ludo\.m2\repository\com\h2database\h2\1.4.200\h2-1.4.200.jar;C:\Users\Ludo\.m2\repository\org\hsqldb\hsqldb\2.5.1\hsqldb-2.5.1.jar;C:\Users\Ludo\.m2\repository\mysql\mysql-connector-java\8.0.21\mysql-connector-java-8.0.21.jar;C:\Users\Ludo\.m2\repository\org\hibernate\hibernate-core\5.4.18.Final\hibernate-core-5.4.18.Final.jar;C:\Users\Ludo\.m2\repository\javax\persistence\javax.persistence-api\2.2\javax.persistence-api-2.2.jar;C:\Users\Ludo\.m2\repository\org\javassist\javassist\3.24.0-GA\javassist-3.24.0-GA.jar;C:\Users\Ludo\.m2\repository\net\bytebuddy\byte-buddy\1.10.13\byte-buddy-1.10.13.jar;C:\Users\Ludo\.m2\repository\antlr\antlr\2.7.7\antlr-2.7.7.jar;C:\Users\Ludo\.m2\repository\org\jboss\spec\javax\transaction\jboss-transaction-api_1.2_spec\1.1.1.Final\jboss-transaction-api_1.2_spec-1.1.1.Final.jar;C:\Users\Ludo\.m2\repository\org\jboss\jandex\2.1.3.Final\jandex-2.1.3.Final.jar;C:\Users\Ludo\.m2\repository\javax\activation\javax.activation-api\1.2.0\javax.activation-api-1.2.0.jar;C:\Users\Ludo\.m2\repository\org\dom4j\dom4j\2.1.3\dom4j-2.1.3.jar;C:\Users\Ludo\.m2\repository\org\hibernate\common\hibernate-commons-annotations\5.1.0.Final\hibernate-commons-annotations-5.1.0.Final.jar;C:\Users\Ludo\.m2\repository\javax\xml\bind\jaxb-api\2.3.1\jaxb-api-2.3.1.jar;C:\Users\Ludo\.m2\repository\org\glassfish\jaxb\jaxb-runtime\2.3.3\jaxb-runtime-2.3.3.jar;C:\Users\Ludo\.m2\repository\org\glassfish\jaxb\txw2\2.3.3\txw2-2.3.3.jar;C:\Users\Ludo\.m2\repository\com\sun\istack\istack-commons-runtime\3.0.11\istack-commons-runtime-3.0.11.jar;C:\Users\Ludo\.m2\repository\org\springframework\spring-orm\5.2.8.RELEASE\spring-orm-5.2.8.RELEASE.jar;C:\Users\Ludo\.m2\repository\org\springframework\spring-beans\5.2.8.RELEASE\spring-beans-5.2.8.RELEASE.jar;C:\Users\Ludo\.m2\repository\org\springframework\spring-jdbc\5.2.8.RELEASE\spring-jdbc-5.2.8.RELEASE.jar;C:\Users\Ludo\.m2\repository\org\springframework\spring-tx\5.2.8.RELEASE\spring-tx-5.2.8.RELEASE.jar;C:\Users\Ludo\.m2\repository\org\jacoco\jacoco-maven-plugin\0.8.5\jacoco-maven-plugin-0.8.5.jar;C:\Users\Ludo\.m2\repository\org\apache\maven\maven-plugin-api\3.0\maven-plugin-api-3.0.jar;C:\Users\Ludo\.m2\repository\org\apache\maven\maven-model\3.0\maven-model-3.0.jar;C:\Users\Ludo\.m2\repository\org\sonatype\sisu\sisu-inject-plexus\1.4.2\sisu-inject-plexus-1.4.2.jar;C:\Users\Ludo\.m2\repository\org\sonatype\sisu\sisu-inject-bean\1.4.2\sisu-inject-bean-1.4.2.jar;C:\Users\Ludo\.m2\repository\org\sonatype\sisu\sisu-guice\2.1.7\sisu-guice-2.1.7-noaop.jar;C:\Users\Ludo\.m2\repository\org\apache\maven\maven-core\3.0\maven-core-3.0.jar;C:\Users\Ludo\.m2\repository\org\apache\maven\maven-settings\3.0\maven-settings-3.0.jar;C:\Users\Ludo\.m2\repository\org\apache\maven\maven-settings-builder\3.0\maven-settings-builder-3.0.jar;C:\Users\Ludo\.m2\repository\org\apache\maven\maven-repository-metadata\3.0\maven-repository-metadata-3.0.jar;C:\Users\Ludo\.m2\repository\org\apache\maven\maven-model-builder\3.0\maven-model-builder-3.0.jar;C:\Users\Ludo\.m2\repository\org\apache\maven\maven-aether-provider\3.0\maven-aether-provider-3.0.jar;C:\Users\Ludo\.m2\repository\org\sonatype\aether\aether-impl\1.7\aether-impl-1.7.jar;C:\Users\Ludo\.m2\repository\org\sonatype\aether\aether-spi\1.7\aether-spi-1.7.jar;C:\Users\Ludo\.m2\repository\org\sonatype\aether\aether-api\1.7\aether-api-1.7.jar;C:\Users\Ludo\.m2\repository\org\sonatype\aether\aether-util\1.7\aether-util-1.7.jar;C:\Users\Ludo\.m2\repository\org\codehaus\plexus\plexus-interpolation\1.14\plexus-interpolation-1.14.jar;C:\Users\Ludo\.m2\repository\org\codehaus\plexus\plexus-classworlds\2.2.3\plexus-classworlds-2.2.3.jar;C:\Users\Ludo\.m2\repository\org\codehaus\plexus\plexus-component-annotations\1.5.5\plexus-component-annotations-1.5.5.jar;C:\Users\Ludo\.m2\repository\org\sonatype\plexus\plexus-sec-dispatcher\1.3\plexus-sec-dispatcher-1.3.jar;C:\Users\Ludo\.m2\repository\org\sonatype\plexus\plexus-cipher\1.4\plexus-cipher-1.4.jar;C:\Users\Ludo\.m2\repository\org\codehaus\plexus\plexus-utils\3.0.22\plexus-utils-3.0.22.jar;C:\Users\Ludo\.m2\repository\org\apache\maven\shared\file-management\1.2.1\file-management-1.2.1.jar;C:\Users\Ludo\.m2\repository\org\apache\maven\shared\maven-shared-io\1.1\maven-shared-io-1.1.jar;C:\Users\Ludo\.m2\repository\org\apache\maven\maven-artifact-manager\2.0.2\maven-artifact-manager-2.0.2.jar;C:\Users\Ludo\.m2\repository\org\apache\maven\wagon\wagon-provider-api\1.0-alpha-6\wagon-provider-api-1.0-alpha-6.jar;C:\Users\Ludo\.m2\repository\org\apache\maven\reporting\maven-reporting-api\3.0\maven-reporting-api-3.0.jar;C:\Users\Ludo\.m2\repository\org\apache\maven\reporting\maven-reporting-impl\2.1\maven-reporting-impl-2.1.jar;C:\Users\Ludo\.m2\repository\org\apache\maven\maven-project\2.0.10\maven-project-2.0.10.jar;C:\Users\Ludo\.m2\repository\org\apache\maven\maven-profile\2.0.10\maven-profile-2.0.10.jar;C:\Users\Ludo\.m2\repository\org\apache\maven\maven-plugin-registry\2.0.10\maven-plugin-registry-2.0.10.jar;C:\Users\Ludo\.m2\repository\org\jacoco\org.jacoco.agent\0.8.5\org.jacoco.agent-0.8.5-runtime.jar;C:\Users\Ludo\.m2\repository\org\jacoco\org.jacoco.core\0.8.5\org.jacoco.core-0.8.5.jar;C:\Users\Ludo\.m2\repository\org\jacoco\org.jacoco.report\0.8.5\org.jacoco.report-0.8.5.jar;C:\Users\Ludo\.m2\repository\com\github\spotbugs\spotbugs-maven-plugin\4.0.0\spotbugs-maven-plugin-4.0.0.jar;C:\Users\Ludo\.m2\repository\com\github\spotbugs\spotbugs\4.0.0\spotbugs-4.0.0.jar;C:\Users\Ludo\.m2\repository\org\apache\bcel\bcel\6.4.1\bcel-6.4.1.jar;C:\Users\Ludo\.m2\repository\net\jcip\jcip-annotations\1.0\jcip-annotations-1.0.jar;C:\Users\Ludo\.m2\repository\commons-lang\commons-lang\2.6\commons-lang-2.6.jar;C:\Users\Ludo\.m2\repository\com\github\spotbugs\spotbugs-annotations\4.0.0\spotbugs-annotations-4.0.0.jar;C:\Users\Ludo\.m2\repository\com\google\code\findbugs\jsr305\3.0.2\jsr305-3.0.2.jar;C:\Users\Ludo\.m2\repository\jaxen\jaxen\1.2.0\jaxen-1.2.0.jar;C:\Users\Ludo\.m2\repository\net\sf\saxon\Saxon-HE\9.9.1-2\Saxon-HE-9.9.1-2.jar;C:\Users\Ludo\.m2\repository\com\ibm\icu\icu4j\63.1\icu4j-63.1.jar;C:\Users\Ludo\.m2\repository\org\apache\ant\ant\1.10.7\ant-1.10.7.jar;C:\Users\Ludo\.m2\repository\org\apache\ant\ant-launcher\1.10.7\ant-launcher-1.10.7.jar;C:\Users\Ludo\.m2\repository\org\codehaus\groovy\groovy\3.0.2\groovy-3.0.2-indy.jar;C:\Users\Ludo\.m2\repository\org\codehaus\groovy\groovy-ant\3.0.2\groovy-ant-3.0.2-indy.jar;C:\Users\Ludo\.m2\repository\org\codehaus\groovy\groovy\2.5.13\groovy-2.5.13.jar;C:\Users\Ludo\.m2\repository\org\codehaus\groovy\groovy-dateutil\3.0.2\groovy-dateutil-3.0.2-indy.jar;C:\Users\Ludo\.m2\repository\org\codehaus\groovy\groovy-groovydoc\2.5.13\groovy-groovydoc-2.5.13.jar;C:\Users\Ludo\.m2\repository\org\codehaus\groovy\groovy-templates\2.5.13\groovy-templates-2.5.13.jar;C:\Users\Ludo\.m2\repository\org\codehaus\groovy\groovy-cli-picocli\2.5.13\groovy-cli-picocli-2.5.13.jar;C:\Users\Ludo\.m2\repository\info\picocli\picocli\4.3.2\picocli-4.3.2.jar;C:\Users\Ludo\.m2\repository\org\codehaus\groovy\groovy-docgenerator\2.5.13\groovy-docgenerator-2.5.13.jar;C:\Users\Ludo\.m2\repository\com\thoughtworks\qdox\qdox\1.12.1\qdox-1.12.1.jar;C:\Users\Ludo\.m2\repository\org\codehaus\groovy\groovy-xml\2.5.13\groovy-xml-2.5.13.jar;C:\Users\Ludo\.m2\repository\org\apache\maven\maven-artifact\3.5.2\maven-artifact-3.5.2.jar;C:\Users\Ludo\.m2\repository\org\apache\maven\shared\maven-artifact-transfer\0.12.0\maven-artifact-transfer-0.12.0.jar;C:\Users\Ludo\.m2\repository\org\apache\maven\shared\maven-common-artifact-filters\3.0.1\maven-common-artifact-filters-3.0.1.jar;C:\Users\Ludo\.m2\repository\org\apache\maven\shared\maven-shared-utils\3.1.0\maven-shared-utils-3.1.0.jar;C:\Users\Ludo\.m2\repository\org\apache\maven\doxia\doxia-core\1.9.1\doxia-core-1.9.1.jar;C:\Users\Ludo\.m2\repository\org\apache\maven\doxia\doxia-logging-api\1.9.1\doxia-logging-api-1.9.1.jar;C:\Users\Ludo\.m2\repository\org\apache\httpcomponents\httpclient\4.5.12\httpclient-4.5.12.jar;C:\Users\Ludo\.m2\repository\org\apache\httpcomponents\httpcore\4.4.13\httpcore-4.4.13.jar;C:\Users\Ludo\.m2\repository\org\apache\maven\doxia\doxia-sink-api\1.9.1\doxia-sink-api-1.9.1.jar;C:\Users\Ludo\.m2\repository\org\apache\maven\doxia\doxia-decoration-model\1.9.2\doxia-decoration-model-1.9.2.jar;C:\Users\Ludo\.m2\repository\org\apache\maven\doxia\doxia-site-renderer\1.9.2\doxia-site-renderer-1.9.2.jar;C:\Users\Ludo\.m2\repository\org\apache\maven\doxia\doxia-skin-model\1.9.2\doxia-skin-model-1.9.2.jar;C:\Users\Ludo\.m2\repository\org\apache\maven\doxia\doxia-module-xhtml\1.9.1\doxia-module-xhtml-1.9.1.jar;C:\Users\Ludo\.m2\repository\org\apache\maven\doxia\doxia-module-xhtml5\1.9.1\doxia-module-xhtml5-1.9.1.jar;C:\Users\Ludo\.m2\repository\org\codehaus\plexus\plexus-i18n\1.0-beta-10\plexus-i18n-1.0-beta-10.jar;C:\Users\Ludo\.m2\repository\org\codehaus\plexus\plexus-velocity\1.2\plexus-velocity-1.2.jar;C:\Users\Ludo\.m2\repository\org\apache\velocity\velocity\1.7\velocity-1.7.jar;C:\Users\Ludo\.m2\repository\org\apache\velocity\velocity-tools\2.0\velocity-tools-2.0.jar;C:\Users\Ludo\.m2\repository\oro\oro\2.0.8\oro-2.0.8.jar;C:\Users\Ludo\.m2\repository\org\apache\maven\doxia\doxia-integration-tools\1.9.2\doxia-integration-tools-1.9.2.jar;C:\Users\Ludo\.m2\repository\commons-beanutils\commons-beanutils\1.9.4\commons-beanutils-1.9.4.jar;C:\Users\Ludo\.m2\repository\commons-logging\commons-logging\1.2\commons-logging-1.2.jar;C:\Users\Ludo\.m2\repository\commons-chain\commons-chain\1.2\commons-chain-1.2.jar;C:\Users\Ludo\.m2\repository\commons-codec\commons-codec\1.14\commons-codec-1.14.jar;C:\Users\Ludo\.m2\repository\commons-collections\commons-collections\3.2.2\commons-collections-3.2.2.jar;C:\Users\Ludo\.m2\repository\commons-digester\commons-digester\2.1\commons-digester-2.1.jar;C:\Users\Ludo\.m2\repository\commons-io\commons-io\2.6\commons-io-2.6.jar;C:\Users\Ludo\.m2\repository\org\apache\commons\commons-lang3\3.10\commons-lang3-3.10.jar;C:\Users\Ludo\.m2\repository\commons-validator\commons-validator\1.6\commons-validator-1.6.jar;C:\Users\Ludo\.m2\repository\org\codehaus\plexus\plexus-container-default\2.1.0\plexus-container-default-2.1.0.jar;C:\Users\Ludo\.m2\repository\org\apache\xbean\xbean-reflect\3.7\xbean-reflect-3.7.jar;C:\Users\Ludo\.m2\repository\org\codehaus\plexus\plexus-resources\1.1.0\plexus-resources-1.1.0.jar;C:\Users\Ludo\.m2\repository\org\slf4j\slf4j-api\1.7.30\slf4j-api-1.7.30.jar;C:\Users\Ludo\.m2\repository\org\ow2\asm\asm\7.3.1\asm-7.3.1.jar;C:\Users\Ludo\.m2\repository\org\ow2\asm\asm-analysis\7.3.1\asm-analysis-7.3.1.jar;C:\Users\Ludo\.m2\repository\org\ow2\asm\asm-commons\7.3.1\asm-commons-7.3.1.jar;C:\Users\Ludo\.m2\repository\org\ow2\asm\asm-tree\7.3.1\asm-tree-7.3.1.jar;C:\Users\Ludo\.m2\repository\org\ow2\asm\asm-util\7.3.1\asm-util-7.3.1.jar;"/>
    <property name="sun.cpu.endian" value="little"/>
    <property name="user.home" value="C:\Users\Ludo"/>
    <property name="user.language" value="fr"/>
    <property name="java.specification.vendor" value="Oracle Corporation"/>
    <property name="java.version.date" value="2018-10-16"/>
    <property name="java.home" value="C:\Java\jdk-11.0.1"/>
    <property name="file.separator" value="\"/>
    <property name="basedir" value="C:\Users\Ludo\Documents\Eclipse\workspace\Pay_My_Buddy"/>
    <property name="java.vm.compressedOopsMode" value="Zero based"/>
    <property name="line.separator" value="&#10;"/>
    <property name="java.specification.name" value="Java Platform API Specification"/>
    <property name="java.vm.specification.vendor" value="Oracle Corporation"/>
    <property name="java.awt.graphicsenv" value="sun.awt.Win32GraphicsEnvironment"/>
    <property name="surefire.real.class.path" value="C:\Users\Ludo\AppData\Local\Temp\surefire4283024983984708657\surefirebooter5931357091793614156.jar"/>
    <property name="user.script" value=""/>
    <property name="sun.management.compiler" value="HotSpot 64-Bit Tiered Compilers"/>
    <property name="java.runtime.version" value="11.0.1+13"/>
    <property name="user.name" value="Ludo"/>
    <property name="path.separator" value=";"/>
    <property name="os.version" value="10.0"/>
    <property name="java.runtime.name" value="OpenJDK Runtime Environment"/>
    <property name="file.encoding" value="Cp1252"/>
    <property name="java.vm.name" value="OpenJDK 64-Bit Server VM"/>
    <property name="java.vendor.version" value="18.9"/>
    <property name="localRepository" value="C:\Users\Ludo\.m2\repository"/>
    <property name="java.vendor.url.bug" value="http://bugreport.java.com/bugreport/"/>
    <property name="java.io.tmpdir" value="C:\Users\Ludo\AppData\Local\Temp\"/>
    <property name="java.version" value="11.0.1"/>
    <property name="user.dir" value="C:\Users\Ludo\Documents\Eclipse\workspace\Pay_My_Buddy"/>
    <property name="os.arch" value="amd64"/>
    <property name="java.vm.specification.name" value="Java Virtual Machine Specification"/>
    <property name="java.awt.printerjob" value="sun.awt.windows.WPrinterJob"/>
    <property name="sun.os.patch.level" value=""/>
    <property name="java.library.path" value="C:\Java\jdk-11.0.1\bin;C:\Windows\Sun\Java\bin;C:\Windows\system32;C:\Windows;C:\Program Files (x86)\Common Files\Oracle\Java\javapath;C:\Windows\system32;C:\Windows;C:\Windows\System32\Wbem;C:\Windows\System32\WindowsPowerShell\v1.0\;C:\Windows\System32\OpenSSH\;%JAVA__HOME%\bin;C:\Java\apache-maven-3.6.3\bin;C:\Program Files\Git\cmd;C:\Program Files\MySQL\MySQL Server 8.0\bin;C:\Users\Ludo\AppData\Local\Microsoft\WindowsApps;%JAVA__HOME%\bin;C:\Java\apache-maven-3.6.3\bin;C:\Program Files\MySQL\MySQL Server 8.0\bin;;."/>
    <property name="java.vendor" value="Oracle Corporation"/>
    <property name="java.vm.info" value="mixed mode"/>
    <property name="java.vm.version" value="11.0.1+13"/>
    <property name="sun.io.unicode.encoding" value="UnicodeLittle"/>
    <property name="java.class.version" value="55.0"/>
  </properties>
  <testcase name="givenExistingUser_whenLoginWithBadEmail_thenReturnNull" classname="com.paymybuddy.service.UserServiceTest" time="0.006"/>
  <testcase name="givenExistingUser_whenLoginWithNullPassword_thenReturnNull" classname="com.paymybuddy.service.UserServiceTest" time="0.003"/>
  <testcase name="givenExistingUser_whenUpdateCorrectValues_thenReturnTrue" classname="com.paymybuddy.service.UserServiceTest" time="0.006"/>
  <testcase name="givenInvalidPhoneEntry_whenCreation_thenReturnNull" classname="com.paymybuddy.service.UserServiceTest" time="0.007"/>
  <testcase name="givenExistingUser_whenLoginWithNullEmail_thenReturnNull" classname="com.paymybuddy.service.UserServiceTest" time="0.005"/>
  <testcase name="givenNullFirstnameEntry_whenCreation_thenReturnNull" classname="com.paymybuddy.service.UserServiceTest" time="0.006"/>
  <testcase name="givenInvalidEmailAddressEntry_whenCreation_thenReturnNull" classname="com.paymybuddy.service.UserServiceTest" time="0.009"/>
  <testcase name="givenNullPasswordEntry_whenCreation_thenReturnNull" classname="com.paymybuddy.service.UserServiceTest" time="0.007"/>
  <testcase name="givenNullEmailAddressEntry_whenCreation_thenReturnNull" classname="com.paymybuddy.service.UserServiceTest" time="0.007"/>
  <testcase name="givenExistingUser_whenLoginWithCorrectId_thenReturnUser" classname="com.paymybuddy.service.UserServiceTest" time="0.002"/>
  <testcase name="givenNullFLastnameEntry_whenCreation_thenReturnNull" classname="com.paymybuddy.service.UserServiceTest" time="0.007"/>
  <testcase name="givenNewPerson_whenCreation_thenReturnPersonSavedInDb" classname="com.paymybuddy.service.UserServiceTest" time="0.006"/>
  <testcase name="givenExistingUser_whenLoginWithEmptyEmail_thenReturnNull" classname="com.paymybuddy.service.UserServiceTest" time="0.005"/>
  <testcase name="givenInvalidPhoneNumberEntry_whenCreation_thenReturnNull" classname="com.paymybuddy.service.UserServiceTest" time="0.011"/>
  <testcase name="testEquals_Symmetric" classname="com.paymybuddy.service.UserServiceTest" time="0"/>
  <testcase name="givenNullPhoneEntry_whenCreation_thenReturnNull" classname="com.paymybuddy.service.UserServiceTest" time="0.006"/>
  <testcase name="givenInvalidMaximumPhoneEntry_whenCreation_thenReturnNull" classname="com.paymybuddy.service.UserServiceTest" time="0.007"/>
  <testcase name="givenExistingUser_whenLoginWithBadPassword_thenReturnNull" classname="com.paymybuddy.service.UserServiceTest" time="0.003"/>
  <testcase name="givenUnexistingUser_whenUpdateBadValues_thenReturnFalse" classname="com.paymybuddy.service.UserServiceTest" time="0.008"/>
  <testcase name="givenAlreadyExistingEmailPersonInDb_whenCreation_thenReturnPersonNotSavedInDb" classname="com.paymybuddy.service.UserServiceTest" time="0.003"/>
  <testcase name="givenExistingUser_whenUpdateBadValues_thenReturnFalse" classname="com.paymybuddy.service.UserServiceTest" time="0.006"/>
  <testcase name="givenValidPhoneEntry_whenCreationWithSymbol_thenReturnNull" classname="com.paymybuddy.service.UserServiceTest" time="0.006"/>
  <testcase name="givenExistingUser_whenLoginWithEmptyPassword_thenReturnNull" classname="com.paymybuddy.service.UserServiceTest" time="0.005"/>
</testsuite>